<?xml version="1.0" encoding="UTF-8"?>
<!-- Generated by org.testng.reporters.JUnitReportReporter -->
<testsuite skipped="0" hostname="DESKTOP-L6C3O54" name="clubFactory_automate.WriteExcelFile" tests="1" failures="0" timestamp="22 Nov 2018 18:37:43 GMT" time="0.021" errors="0">
  <testcase name="test" time="0.021" classname="clubFactory_automate.WriteExcelFile"/>
</testsuite> <!-- clubFactory_automate.WriteExcelFile -->
